../tmp
Args in experiment:
Namespace(random_seed=2025, is_training=1, model_id='ETTm2_96_192', model='DiPaF', data='ETTm2', root_path='../dataset/ETT-small', data_path='ETTm2.csv', features='M', target='OT', freq='h', checkpoints='./checkpoints/', num_features=7, seq_len=96, label_len=0, pred_len=192, head_dropout=0.05, enc_dropout=0.05, patch_len=16, stride=8, padding_patch='end', revin=1, affine=0, subtract_last=0, decomposition=0, kernel_size=25, individual=0, embed_type=4, c_out=7, d_model=512, moving_avg=25, distil=True, embed='timeF', activation='gelu', do_predict=False, num_workers=10, itr=1, train_epochs=100, batch_size=64, patience=10, learning_rate=0.05, des='test', loss='mse', lradj='type3', pct_start=0.3, use_amp=False, use_gpu=True, gpu=1, use_multi_gpu=False, devices='0,1,2,3', test_flop=False, enc_hidden_dim=512, embed_dim=64, dec_hidden_dim=512, n_clusters=30, dropout=0.05, lambda_ce=0.05, vqvae_ckpt='./ckpt_vqvae/ETTm2/best_vqvae.pth', hidden_dim=128, ckpt_tag='grid_search_last')
Use GPU: cuda:1
>>>>>>>start training : ETTm2/ETTm2_96_192_DiPaF_P16_S8_ep100_D512_ebtimeF_dtTrue_0>>>>>>>>>>>>>>>>>>>>>>>>>>
train 34273
val 11329
test 11329
	iters: 100, epoch: 1 | loss: 0.2500645
	speed: 0.0607s/iter; left time: 3241.3277s
	iters: 200, epoch: 1 | loss: 0.3611763
	speed: 0.0343s/iter; left time: 1829.7981s
	iters: 300, epoch: 1 | loss: 0.3476166
	speed: 0.0350s/iter; left time: 1860.5497s
	iters: 400, epoch: 1 | loss: 0.1897220
	speed: 0.0382s/iter; left time: 2027.3494s
	iters: 500, epoch: 1 | loss: 0.3935256
	speed: 0.0378s/iter; left time: 2005.7711s
Epoch: 1 cost time: 22.199075937271118
Epoch: 1, Steps: 535 | Train Loss: 0.3228649 Vali Loss: 0.1737606 Test Loss: 0.2401457
Validation loss decreased (inf --> 0.173761).  Saving model ...
Updating learning rate to 0.05
	iters: 100, epoch: 2 | loss: 0.5578495
	speed: 0.1278s/iter; left time: 6756.4799s
	iters: 200, epoch: 2 | loss: 0.6698436
	speed: 0.0377s/iter; left time: 1990.9650s
	iters: 300, epoch: 2 | loss: 0.1886345
	speed: 0.0373s/iter; left time: 1963.9923s
	iters: 400, epoch: 2 | loss: 0.4640775
	speed: 0.0387s/iter; left time: 2032.3195s
	iters: 500, epoch: 2 | loss: 0.2403885
	speed: 0.0384s/iter; left time: 2014.0368s
Epoch: 2 cost time: 20.86490225791931
Epoch: 2, Steps: 535 | Train Loss: 0.3492455 Vali Loss: 0.2018714 Test Loss: 0.2826281
EarlyStopping counter: 1 out of 10
Updating learning rate to 0.05
	iters: 100, epoch: 3 | loss: 0.1639221
	speed: 0.1387s/iter; left time: 7258.9992s
	iters: 200, epoch: 3 | loss: 0.2581711
	speed: 0.0385s/iter; left time: 2012.2249s
	iters: 300, epoch: 3 | loss: 0.4944698
	speed: 0.0356s/iter; left time: 1856.7716s
	iters: 400, epoch: 3 | loss: 0.4613073
	speed: 0.0381s/iter; left time: 1982.2888s
	iters: 500, epoch: 3 | loss: 0.2087370
	speed: 0.0368s/iter; left time: 1911.7606s
Epoch: 3 cost time: 20.93804359436035
Epoch: 3, Steps: 535 | Train Loss: 0.3409652 Vali Loss: 0.1856696 Test Loss: 0.2628109
EarlyStopping counter: 2 out of 10
Updating learning rate to 0.05
	iters: 100, epoch: 4 | loss: 0.2908380
	speed: 0.1523s/iter; left time: 7889.4417s
	iters: 200, epoch: 4 | loss: 0.4875506
	speed: 0.0408s/iter; left time: 2108.3212s
	iters: 300, epoch: 4 | loss: 0.7247223
	speed: 0.0414s/iter; left time: 2135.8182s
	iters: 400, epoch: 4 | loss: 0.3489615
	speed: 0.0383s/iter; left time: 1972.9453s
	iters: 500, epoch: 4 | loss: 0.2802972
	speed: 0.0369s/iter; left time: 1896.6309s
Epoch: 4 cost time: 21.66989278793335
Epoch: 4, Steps: 535 | Train Loss: 0.3332271 Vali Loss: 0.1836124 Test Loss: 0.2584083
EarlyStopping counter: 3 out of 10
Updating learning rate to 0.045000000000000005
	iters: 100, epoch: 5 | loss: 0.2820536
	speed: 0.1173s/iter; left time: 6011.4618s
	iters: 200, epoch: 5 | loss: 0.3551907
	speed: 0.0375s/iter; left time: 1920.7422s
	iters: 300, epoch: 5 | loss: 0.5028060
	speed: 0.0365s/iter; left time: 1865.8610s
	iters: 400, epoch: 5 | loss: 0.6419966
	speed: 0.0409s/iter; left time: 2081.7650s
	iters: 500, epoch: 5 | loss: 0.6438166
	speed: 0.0344s/iter; left time: 1751.5460s
Epoch: 5 cost time: 20.814262866973877
Epoch: 5, Steps: 535 | Train Loss: 0.4254952 Vali Loss: 0.2133339 Test Loss: 0.3037229
EarlyStopping counter: 4 out of 10
Updating learning rate to 0.04050000000000001
	iters: 100, epoch: 6 | loss: 0.5912157
	speed: 0.1247s/iter; left time: 6323.2261s
	iters: 200, epoch: 6 | loss: 0.3763989
	speed: 0.0347s/iter; left time: 1756.7981s
	iters: 300, epoch: 6 | loss: 0.4138440
	speed: 0.0383s/iter; left time: 1936.8384s
	iters: 400, epoch: 6 | loss: 0.3645434
	speed: 0.0364s/iter; left time: 1835.2616s
	iters: 500, epoch: 6 | loss: 0.4363686
	speed: 0.0378s/iter; left time: 1903.1716s
Epoch: 6 cost time: 20.610042333602905
Epoch: 6, Steps: 535 | Train Loss: 0.3851053 Vali Loss: 0.2172524 Test Loss: 0.3088899
EarlyStopping counter: 5 out of 10
Updating learning rate to 0.03645
	iters: 100, epoch: 7 | loss: 0.5179628
	speed: 0.1186s/iter; left time: 5950.2134s
	iters: 200, epoch: 7 | loss: 0.2130273
	speed: 0.0388s/iter; left time: 1944.7310s
	iters: 300, epoch: 7 | loss: 0.2087659
	speed: 0.0391s/iter; left time: 1956.2239s
	iters: 400, epoch: 7 | loss: 0.2567173
	speed: 0.0379s/iter; left time: 1891.7780s
	iters: 500, epoch: 7 | loss: 0.3770828
	speed: 0.0369s/iter; left time: 1837.7348s
Epoch: 7 cost time: 21.289665460586548
Epoch: 7, Steps: 535 | Train Loss: 0.3892803 Vali Loss: 0.2190395 Test Loss: 0.3096242
EarlyStopping counter: 6 out of 10
Updating learning rate to 0.032805
	iters: 100, epoch: 8 | loss: 0.4342451
	speed: 0.1201s/iter; left time: 5961.5239s
	iters: 200, epoch: 8 | loss: 0.3453642
	speed: 0.0389s/iter; left time: 1925.7648s
	iters: 300, epoch: 8 | loss: 0.3399841
	speed: 0.0355s/iter; left time: 1757.8286s
	iters: 400, epoch: 8 | loss: 0.3030644
	speed: 0.0413s/iter; left time: 2039.2433s
	iters: 500, epoch: 8 | loss: 0.4327033
	speed: 0.0364s/iter; left time: 1793.2850s
Epoch: 8 cost time: 20.901794910430908
Epoch: 8, Steps: 535 | Train Loss: 0.3906293 Vali Loss: 0.2196825 Test Loss: 0.3091802
EarlyStopping counter: 7 out of 10
Updating learning rate to 0.029524500000000006
	iters: 100, epoch: 9 | loss: 0.3316565
	speed: 0.1230s/iter; left time: 6039.5354s
	iters: 200, epoch: 9 | loss: 0.5912149
	speed: 0.0348s/iter; left time: 1706.0797s
	iters: 300, epoch: 9 | loss: 0.6279103
	speed: 0.0398s/iter; left time: 1948.0028s
	iters: 400, epoch: 9 | loss: 0.4577422
	speed: 0.0367s/iter; left time: 1792.8882s
	iters: 500, epoch: 9 | loss: 0.3503603
	speed: 0.0386s/iter; left time: 1879.5752s
Epoch: 9 cost time: 20.832576036453247
Epoch: 9, Steps: 535 | Train Loss: 0.3900788 Vali Loss: 0.2200394 Test Loss: 0.3095542
EarlyStopping counter: 8 out of 10
Updating learning rate to 0.026572050000000003
	iters: 100, epoch: 10 | loss: 0.3511916
	speed: 0.1251s/iter; left time: 6078.8359s
	iters: 200, epoch: 10 | loss: 0.5306276
	speed: 0.0356s/iter; left time: 1727.1409s
	iters: 300, epoch: 10 | loss: 0.2686509
	speed: 0.0388s/iter; left time: 1879.4720s
	iters: 400, epoch: 10 | loss: 0.5448548
	speed: 0.0360s/iter; left time: 1740.5155s
	iters: 500, epoch: 10 | loss: 0.4049999
	speed: 0.0383s/iter; left time: 1847.4559s
Epoch: 10 cost time: 20.742809534072876
Epoch: 10, Steps: 535 | Train Loss: 0.3888888 Vali Loss: 0.2195364 Test Loss: 0.3090720
EarlyStopping counter: 9 out of 10
Updating learning rate to 0.023914845000000004
	iters: 100, epoch: 11 | loss: 0.5515652
	speed: 0.1314s/iter; left time: 6314.5793s
	iters: 200, epoch: 11 | loss: 0.2089012
	speed: 0.0348s/iter; left time: 1668.2435s
	iters: 300, epoch: 11 | loss: 0.4619959
	speed: 0.0408s/iter; left time: 1953.1601s
	iters: 400, epoch: 11 | loss: 0.6845781
	speed: 0.0359s/iter; left time: 1713.5548s
	iters: 500, epoch: 11 | loss: 0.3581308
	speed: 0.0386s/iter; left time: 1841.5621s
Epoch: 11 cost time: 21.137282133102417
Epoch: 11, Steps: 535 | Train Loss: 0.3885679 Vali Loss: 0.2187020 Test Loss: 0.3106206
EarlyStopping counter: 10 out of 10
Early stopping
>>>>>>>testing : ETTm2/ETTm2_96_192_DiPaF_P16_S8_ep100_D512_ebtimeF_dtTrue_0<<<<<<<<<<<<<<<<<<<<<<<<<<<<<<<<<
test 11329
mse:0.2401454597711563, mae:0.3034931719303131, rse:0.39666295051574707
