../tmp
Args in experiment:
Namespace(random_seed=2025, is_training=1, model_id='weather_96_96', model='DiPaF', data='custom', root_path='../dataset/weather/', data_path='weather.csv', features='M', target='OT', freq='h', checkpoints='./checkpoints/', num_features=21, seq_len=96, label_len=0, pred_len=96, head_dropout=0.05, enc_dropout=0.05, patch_len=16, stride=8, padding_patch='end', revin=1, affine=0, subtract_last=0, decomposition=0, kernel_size=25, individual=0, embed_type=4, c_out=7, d_model=512, moving_avg=25, distil=True, embed='timeF', activation='gelu', do_predict=False, num_workers=10, itr=1, train_epochs=100, batch_size=64, patience=10, learning_rate=0.005, des='test', loss='mse', lradj='type3', pct_start=0.3, use_amp=False, use_gpu=True, gpu=4, use_multi_gpu=False, devices='0,1,2,3', test_flop=False, enc_hidden_dim=256, embed_dim=64, dec_hidden_dim=512, n_clusters=30, dropout=0.05, lambda_ce=0.05, vqvae_ckpt='./ckpt_vqvae/weather/best_vqvae.pth', hidden_dim=128, ckpt_tag='grid_search_last')
Use GPU: cuda:4
>>>>>>>start training : custom/weather_96_96_DiPaF_P16_S8_ep100_D512_ebtimeF_dtTrue_0>>>>>>>>>>>>>>>>>>>>>>>>>>
train 36696
val 5175
test 10444
	iters: 100, epoch: 1 | loss: 0.9204645
	speed: 0.0512s/iter; left time: 2931.1604s
	iters: 200, epoch: 1 | loss: 0.7449254
	speed: 0.0272s/iter; left time: 1555.7431s
	iters: 300, epoch: 1 | loss: 0.6293739
	speed: 0.0262s/iter; left time: 1491.9898s
	iters: 400, epoch: 1 | loss: 0.8413581
	speed: 0.0268s/iter; left time: 1527.2886s
	iters: 500, epoch: 1 | loss: 0.5841065
	speed: 0.0276s/iter; left time: 1566.0319s
Epoch: 1 cost time: 17.922905206680298
Epoch: 1, Steps: 573 | Train Loss: 0.8195797 Vali Loss: 0.5336210 Test Loss: 0.2085904
Validation loss decreased (inf --> 0.533621).  Saving model ...
Updating learning rate to 0.005
	iters: 100, epoch: 2 | loss: 0.5029647
	speed: 0.0976s/iter; left time: 5524.5277s
	iters: 200, epoch: 2 | loss: 0.4690327
	speed: 0.0268s/iter; left time: 1517.5246s
	iters: 300, epoch: 2 | loss: 0.3270243
	speed: 0.0263s/iter; left time: 1483.7675s
	iters: 400, epoch: 2 | loss: 0.8223975
	speed: 0.0253s/iter; left time: 1423.2182s
	iters: 500, epoch: 2 | loss: 0.3152076
	speed: 0.0252s/iter; left time: 1415.2975s
Epoch: 2 cost time: 15.734019041061401
Epoch: 2, Steps: 573 | Train Loss: 0.5056559 Vali Loss: 0.4448433 Test Loss: 0.1862564
Validation loss decreased (0.533621 --> 0.444843).  Saving model ...
Updating learning rate to 0.005
	iters: 100, epoch: 3 | loss: 0.7630016
	speed: 0.0938s/iter; left time: 5255.5496s
	iters: 200, epoch: 3 | loss: 0.3327345
	speed: 0.0255s/iter; left time: 1429.5933s
	iters: 300, epoch: 3 | loss: 0.3020134
	speed: 0.0259s/iter; left time: 1446.7961s
	iters: 400, epoch: 3 | loss: 0.2696269
	speed: 0.0266s/iter; left time: 1484.9568s
	iters: 500, epoch: 3 | loss: 0.3631694
	speed: 0.0268s/iter; left time: 1491.5635s
Epoch: 3 cost time: 15.780719757080078
Epoch: 3, Steps: 573 | Train Loss: 0.4393497 Vali Loss: 0.4267931 Test Loss: 0.1758229
Validation loss decreased (0.444843 --> 0.426793).  Saving model ...
Updating learning rate to 0.005
	iters: 100, epoch: 4 | loss: 0.2789008
	speed: 0.1049s/iter; left time: 5822.8266s
	iters: 200, epoch: 4 | loss: 0.3727566
	speed: 0.0266s/iter; left time: 1474.0783s
	iters: 300, epoch: 4 | loss: 0.5431756
	speed: 0.0258s/iter; left time: 1427.0082s
	iters: 400, epoch: 4 | loss: 0.3463163
	speed: 0.0264s/iter; left time: 1454.2386s
	iters: 500, epoch: 4 | loss: 0.7318969
	speed: 0.0251s/iter; left time: 1384.1275s
Epoch: 4 cost time: 15.82095980644226
Epoch: 4, Steps: 573 | Train Loss: 0.4231300 Vali Loss: 0.4156792 Test Loss: 0.1729461
Validation loss decreased (0.426793 --> 0.415679).  Saving model ...
Updating learning rate to 0.0045000000000000005
	iters: 100, epoch: 5 | loss: 0.3319017
	speed: 0.0962s/iter; left time: 5281.9656s
	iters: 200, epoch: 5 | loss: 0.2933753
	speed: 0.0253s/iter; left time: 1387.0577s
	iters: 300, epoch: 5 | loss: 0.3628081
	speed: 0.0259s/iter; left time: 1416.9941s
	iters: 400, epoch: 5 | loss: 0.2930715
	speed: 0.0259s/iter; left time: 1414.4488s
	iters: 500, epoch: 5 | loss: 0.3061293
	speed: 0.0270s/iter; left time: 1469.4025s
Epoch: 5 cost time: 15.750730514526367
Epoch: 5, Steps: 573 | Train Loss: 0.4144349 Vali Loss: 0.4071445 Test Loss: 0.1680115
Validation loss decreased (0.415679 --> 0.407144).  Saving model ...
Updating learning rate to 0.004050000000000001
	iters: 100, epoch: 6 | loss: 0.3557038
	speed: 0.0942s/iter; left time: 5116.0028s
	iters: 200, epoch: 6 | loss: 1.1885105
	speed: 0.0261s/iter; left time: 1415.7592s
	iters: 300, epoch: 6 | loss: 0.3216248
	speed: 0.0262s/iter; left time: 1420.0839s
	iters: 400, epoch: 6 | loss: 0.6292168
	speed: 0.0265s/iter; left time: 1432.0651s
	iters: 500, epoch: 6 | loss: 0.3929093
	speed: 0.0262s/iter; left time: 1413.9153s
Epoch: 6 cost time: 15.786198616027832
Epoch: 6, Steps: 573 | Train Loss: 0.4125165 Vali Loss: 0.4137238 Test Loss: 0.1673461
EarlyStopping counter: 1 out of 10
Updating learning rate to 0.0036450000000000007
	iters: 100, epoch: 7 | loss: 0.3638782
	speed: 0.0939s/iter; left time: 5049.3158s
	iters: 200, epoch: 7 | loss: 0.3668552
	speed: 0.0261s/iter; left time: 1398.8029s
	iters: 300, epoch: 7 | loss: 0.3367623
	speed: 0.0260s/iter; left time: 1393.8207s
	iters: 400, epoch: 7 | loss: 0.7122874
	speed: 0.0261s/iter; left time: 1394.2102s
	iters: 500, epoch: 7 | loss: 0.3743391
	speed: 0.0261s/iter; left time: 1393.5847s
Epoch: 7 cost time: 15.807346105575562
Epoch: 7, Steps: 573 | Train Loss: 0.4109419 Vali Loss: 0.4078158 Test Loss: 0.1663225
EarlyStopping counter: 2 out of 10
Updating learning rate to 0.0032805
	iters: 100, epoch: 8 | loss: 0.2501914
	speed: 0.0981s/iter; left time: 5219.5831s
	iters: 200, epoch: 8 | loss: 0.3377912
	speed: 0.0259s/iter; left time: 1377.0474s
	iters: 300, epoch: 8 | loss: 0.3726810
	speed: 0.0256s/iter; left time: 1355.1175s
	iters: 400, epoch: 8 | loss: 0.3745323
	speed: 0.0253s/iter; left time: 1337.5575s
	iters: 500, epoch: 8 | loss: 0.2919389
	speed: 0.0263s/iter; left time: 1385.9400s
Epoch: 8 cost time: 15.663950204849243
Epoch: 8, Steps: 573 | Train Loss: 0.4054074 Vali Loss: 0.4038065 Test Loss: 0.1672949
Validation loss decreased (0.407144 --> 0.403807).  Saving model ...
Updating learning rate to 0.0029524500000000006
	iters: 100, epoch: 9 | loss: 0.2804403
	speed: 0.0983s/iter; left time: 5174.4208s
	iters: 200, epoch: 9 | loss: 0.8636027
	speed: 0.0257s/iter; left time: 1347.5070s
	iters: 300, epoch: 9 | loss: 0.2828513
	speed: 0.0258s/iter; left time: 1349.7991s
	iters: 400, epoch: 9 | loss: 0.4249381
	speed: 0.0247s/iter; left time: 1294.0400s
	iters: 500, epoch: 9 | loss: 0.3851273
	speed: 0.0269s/iter; left time: 1402.5773s
Epoch: 9 cost time: 15.700618743896484
Epoch: 9, Steps: 573 | Train Loss: 0.4027901 Vali Loss: 0.4059630 Test Loss: 0.1652024
EarlyStopping counter: 1 out of 10
Updating learning rate to 0.002657205
	iters: 100, epoch: 10 | loss: 0.3299973
	speed: 0.1055s/iter; left time: 5489.4448s
	iters: 200, epoch: 10 | loss: 0.2751150
	speed: 0.0272s/iter; left time: 1410.7240s
	iters: 300, epoch: 10 | loss: 0.2432067
	speed: 0.0266s/iter; left time: 1379.0722s
	iters: 400, epoch: 10 | loss: 0.7737164
	speed: 0.0252s/iter; left time: 1303.9151s
	iters: 500, epoch: 10 | loss: 0.3374731
	speed: 0.0261s/iter; left time: 1346.4874s
Epoch: 10 cost time: 15.985978364944458
Epoch: 10, Steps: 573 | Train Loss: 0.4041219 Vali Loss: 0.4064293 Test Loss: 0.1657734
EarlyStopping counter: 2 out of 10
Updating learning rate to 0.0023914845000000003
	iters: 100, epoch: 11 | loss: 0.2976798
	speed: 0.0938s/iter; left time: 4825.4968s
	iters: 200, epoch: 11 | loss: 0.3006899
	speed: 0.0256s/iter; left time: 1313.6502s
	iters: 300, epoch: 11 | loss: 0.3455327
	speed: 0.0254s/iter; left time: 1303.5629s
	iters: 400, epoch: 11 | loss: 0.2622142
	speed: 0.0260s/iter; left time: 1331.6075s
	iters: 500, epoch: 11 | loss: 0.3287978
	speed: 0.0258s/iter; left time: 1317.3823s
Epoch: 11 cost time: 15.526943922042847
Epoch: 11, Steps: 573 | Train Loss: 0.4010633 Vali Loss: 0.3989498 Test Loss: 0.1629241
Validation loss decreased (0.403807 --> 0.398950).  Saving model ...
Updating learning rate to 0.0021523360500000006
	iters: 100, epoch: 12 | loss: 0.3381324
	speed: 0.0949s/iter; left time: 4830.9790s
	iters: 200, epoch: 12 | loss: 0.4218583
	speed: 0.0258s/iter; left time: 1312.3620s
	iters: 300, epoch: 12 | loss: 0.2376908
	speed: 0.0258s/iter; left time: 1308.8357s
	iters: 400, epoch: 12 | loss: 0.3361350
	speed: 0.0256s/iter; left time: 1294.7787s
	iters: 500, epoch: 12 | loss: 0.4291909
	speed: 0.0251s/iter; left time: 1266.2509s
Epoch: 12 cost time: 15.67609190940857
Epoch: 12, Steps: 573 | Train Loss: 0.3982666 Vali Loss: 0.3982679 Test Loss: 0.1636149
Validation loss decreased (0.398950 --> 0.398268).  Saving model ...
Updating learning rate to 0.0019371024450000004
	iters: 100, epoch: 13 | loss: 0.3182366
	speed: 0.0976s/iter; left time: 4912.1395s
	iters: 200, epoch: 13 | loss: 0.7220227
	speed: 0.0280s/iter; left time: 1407.8265s
	iters: 300, epoch: 13 | loss: 0.2636135
	speed: 0.0257s/iter; left time: 1286.5842s
	iters: 400, epoch: 13 | loss: 0.2627213
	speed: 0.0281s/iter; left time: 1406.9240s
	iters: 500, epoch: 13 | loss: 0.2619849
	speed: 0.0265s/iter; left time: 1324.4904s
Epoch: 13 cost time: 16.157387495040894
Epoch: 13, Steps: 573 | Train Loss: 0.3961265 Vali Loss: 0.4011695 Test Loss: 0.1635227
EarlyStopping counter: 1 out of 10
Updating learning rate to 0.0017433922005000006
	iters: 100, epoch: 14 | loss: 0.3955405
	speed: 0.0943s/iter; left time: 4690.7368s
	iters: 200, epoch: 14 | loss: 0.2725689
	speed: 0.0259s/iter; left time: 1285.0062s
	iters: 300, epoch: 14 | loss: 0.2177063
	speed: 0.0254s/iter; left time: 1260.1307s
	iters: 400, epoch: 14 | loss: 1.2698427
	speed: 0.0259s/iter; left time: 1282.4667s
	iters: 500, epoch: 14 | loss: 0.2665409
	speed: 0.0259s/iter; left time: 1277.0933s
Epoch: 14 cost time: 15.587986946105957
Epoch: 14, Steps: 573 | Train Loss: 0.3949210 Vali Loss: 0.4015626 Test Loss: 0.1640302
EarlyStopping counter: 2 out of 10
Updating learning rate to 0.0015690529804500003
	iters: 100, epoch: 15 | loss: 0.3338473
	speed: 0.0939s/iter; left time: 4616.6423s
	iters: 200, epoch: 15 | loss: 0.3315538
	speed: 0.0273s/iter; left time: 1337.9104s
	iters: 300, epoch: 15 | loss: 0.3377218
	speed: 0.0254s/iter; left time: 1246.2662s
	iters: 400, epoch: 15 | loss: 0.2675652
	speed: 0.0260s/iter; left time: 1269.7747s
	iters: 500, epoch: 15 | loss: 0.3477405
	speed: 0.0258s/iter; left time: 1260.3247s
Epoch: 15 cost time: 15.664230823516846
Epoch: 15, Steps: 573 | Train Loss: 0.3938444 Vali Loss: 0.3996570 Test Loss: 0.1639121
EarlyStopping counter: 3 out of 10
Updating learning rate to 0.0014121476824050007
	iters: 100, epoch: 16 | loss: 0.3512820
	speed: 0.1016s/iter; left time: 4937.4439s
	iters: 200, epoch: 16 | loss: 0.2684269
	speed: 0.0263s/iter; left time: 1277.0901s
	iters: 300, epoch: 16 | loss: 0.3327765
	speed: 0.0270s/iter; left time: 1306.5943s
	iters: 400, epoch: 16 | loss: 0.4015884
	speed: 0.0287s/iter; left time: 1385.0785s
	iters: 500, epoch: 16 | loss: 0.2833414
	speed: 0.0273s/iter; left time: 1317.0729s
Epoch: 16 cost time: 16.17960476875305
Epoch: 16, Steps: 573 | Train Loss: 0.3924294 Vali Loss: 0.3996467 Test Loss: 0.1628542
EarlyStopping counter: 4 out of 10
Updating learning rate to 0.0012709329141645004
	iters: 100, epoch: 17 | loss: 0.3031922
	speed: 0.0937s/iter; left time: 4501.5488s
	iters: 200, epoch: 17 | loss: 0.2750943
	speed: 0.0264s/iter; left time: 1264.6080s
	iters: 300, epoch: 17 | loss: 0.3613740
	speed: 0.0254s/iter; left time: 1215.5323s
	iters: 400, epoch: 17 | loss: 0.7110981
	speed: 0.0248s/iter; left time: 1184.7642s
	iters: 500, epoch: 17 | loss: 0.7952802
	speed: 0.0259s/iter; left time: 1233.4888s
Epoch: 17 cost time: 15.487128019332886
Epoch: 17, Steps: 573 | Train Loss: 0.3904602 Vali Loss: 0.4018878 Test Loss: 0.1631840
EarlyStopping counter: 5 out of 10
Updating learning rate to 0.0011438396227480504
	iters: 100, epoch: 18 | loss: 0.3559555
	speed: 0.1079s/iter; left time: 5120.6497s
	iters: 200, epoch: 18 | loss: 0.4976721
	speed: 0.0285s/iter; left time: 1349.8831s
	iters: 300, epoch: 18 | loss: 0.3163984
	speed: 0.0263s/iter; left time: 1242.1152s
	iters: 400, epoch: 18 | loss: 0.2334578
	speed: 0.0264s/iter; left time: 1244.2952s
	iters: 500, epoch: 18 | loss: 0.3543901
	speed: 0.0269s/iter; left time: 1265.2118s
Epoch: 18 cost time: 16.41938304901123
Epoch: 18, Steps: 573 | Train Loss: 0.3895764 Vali Loss: 0.3996431 Test Loss: 0.1623921
EarlyStopping counter: 6 out of 10
Updating learning rate to 0.0010294556604732454
	iters: 100, epoch: 19 | loss: 0.3579042
	speed: 0.1064s/iter; left time: 4989.8494s
	iters: 200, epoch: 19 | loss: 0.2810996
	speed: 0.0271s/iter; left time: 1270.0131s
	iters: 300, epoch: 19 | loss: 0.7958317
	speed: 0.0273s/iter; left time: 1274.0012s
	iters: 400, epoch: 19 | loss: 0.7206700
	speed: 0.0265s/iter; left time: 1233.3597s
	iters: 500, epoch: 19 | loss: 0.3031855
	speed: 0.0277s/iter; left time: 1289.8043s
Epoch: 19 cost time: 16.41692090034485
Epoch: 19, Steps: 573 | Train Loss: 0.3883442 Vali Loss: 0.3995098 Test Loss: 0.1619698
EarlyStopping counter: 7 out of 10
Updating learning rate to 0.0009265100944259208
	iters: 100, epoch: 20 | loss: 0.2998907
	speed: 0.1006s/iter; left time: 4656.9938s
	iters: 200, epoch: 20 | loss: 0.7881762
	speed: 0.0263s/iter; left time: 1217.0649s
	iters: 300, epoch: 20 | loss: 0.3638843
	speed: 0.0251s/iter; left time: 1156.0072s
	iters: 400, epoch: 20 | loss: 0.3102593
	speed: 0.0247s/iter; left time: 1137.6480s
	iters: 500, epoch: 20 | loss: 0.3276516
	speed: 0.0250s/iter; left time: 1148.5175s
Epoch: 20 cost time: 15.327265977859497
Epoch: 20, Steps: 573 | Train Loss: 0.3875866 Vali Loss: 0.3982553 Test Loss: 0.1631460
Validation loss decreased (0.398268 --> 0.398255).  Saving model ...
Updating learning rate to 0.0008338590849833288
	iters: 100, epoch: 21 | loss: 0.7343838
	speed: 0.0942s/iter; left time: 4310.5050s
	iters: 200, epoch: 21 | loss: 0.3364216
	speed: 0.0259s/iter; left time: 1183.0251s
	iters: 300, epoch: 21 | loss: 0.4746153
	speed: 0.0255s/iter; left time: 1159.1225s
	iters: 400, epoch: 21 | loss: 0.2618360
	speed: 0.0251s/iter; left time: 1138.5282s
	iters: 500, epoch: 21 | loss: 0.3489850
	speed: 0.0261s/iter; left time: 1185.1796s
Epoch: 21 cost time: 15.541744947433472
Epoch: 21, Steps: 573 | Train Loss: 0.3866617 Vali Loss: 0.3946941 Test Loss: 0.1622999
Validation loss decreased (0.398255 --> 0.394694).  Saving model ...
Updating learning rate to 0.0007504731764849959
	iters: 100, epoch: 22 | loss: 0.3078567
	speed: 0.0978s/iter; left time: 4416.7835s
	iters: 200, epoch: 22 | loss: 0.6978293
	speed: 0.0267s/iter; left time: 1201.9236s
	iters: 300, epoch: 22 | loss: 0.2542504
	speed: 0.0273s/iter; left time: 1227.9157s
	iters: 400, epoch: 22 | loss: 0.5314764
	speed: 0.0276s/iter; left time: 1238.0596s
	iters: 500, epoch: 22 | loss: 0.3223667
	speed: 0.0266s/iter; left time: 1189.1372s
Epoch: 22 cost time: 16.2659854888916
Epoch: 22, Steps: 573 | Train Loss: 0.3869033 Vali Loss: 0.4048155 Test Loss: 0.1645666
EarlyStopping counter: 1 out of 10
Updating learning rate to 0.0006754258588364964
	iters: 100, epoch: 23 | loss: 0.2510849
	speed: 0.0943s/iter; left time: 4205.8374s
	iters: 200, epoch: 23 | loss: 0.3013090
	speed: 0.0261s/iter; left time: 1160.2031s
	iters: 300, epoch: 23 | loss: 0.3300695
	speed: 0.0261s/iter; left time: 1158.8839s
	iters: 400, epoch: 23 | loss: 0.7498333
	speed: 0.0261s/iter; left time: 1153.9245s
	iters: 500, epoch: 23 | loss: 0.3283053
	speed: 0.0255s/iter; left time: 1127.4629s
Epoch: 23 cost time: 15.56516146659851
Epoch: 23, Steps: 573 | Train Loss: 0.3858523 Vali Loss: 0.3991056 Test Loss: 0.1625888
EarlyStopping counter: 2 out of 10
Updating learning rate to 0.0006078832729528468
	iters: 100, epoch: 24 | loss: 0.2717919
	speed: 0.0931s/iter; left time: 4098.5036s
	iters: 200, epoch: 24 | loss: 0.4524733
	speed: 0.0259s/iter; left time: 1135.4957s
	iters: 300, epoch: 24 | loss: 0.2882130
	speed: 0.0258s/iter; left time: 1129.0606s
	iters: 400, epoch: 24 | loss: 0.2078703
	speed: 0.0263s/iter; left time: 1151.6462s
	iters: 500, epoch: 24 | loss: 0.2317525
	speed: 0.0255s/iter; left time: 1110.7693s
Epoch: 24 cost time: 15.611845016479492
Epoch: 24, Steps: 573 | Train Loss: 0.3841050 Vali Loss: 0.3985901 Test Loss: 0.1631964
EarlyStopping counter: 3 out of 10
Updating learning rate to 0.0005470949456575622
	iters: 100, epoch: 25 | loss: 0.3115108
	speed: 0.0939s/iter; left time: 4079.9894s
	iters: 200, epoch: 25 | loss: 0.2810878
	speed: 0.0261s/iter; left time: 1133.1247s
	iters: 300, epoch: 25 | loss: 0.2643553
	speed: 0.0260s/iter; left time: 1124.3458s
	iters: 400, epoch: 25 | loss: 0.3288032
	speed: 0.0258s/iter; left time: 1113.1299s
	iters: 500, epoch: 25 | loss: 0.8509521
	speed: 0.0257s/iter; left time: 1105.9615s
Epoch: 25 cost time: 15.572215557098389
Epoch: 25, Steps: 573 | Train Loss: 0.3840200 Vali Loss: 0.3978698 Test Loss: 0.1633110
EarlyStopping counter: 4 out of 10
Updating learning rate to 0.0004923854510918059
	iters: 100, epoch: 26 | loss: 0.2969449
	speed: 0.0938s/iter; left time: 4023.6773s
	iters: 200, epoch: 26 | loss: 0.3341126
	speed: 0.0258s/iter; left time: 1102.1875s
	iters: 300, epoch: 26 | loss: 0.2548743
	speed: 0.0260s/iter; left time: 1109.0894s
	iters: 400, epoch: 26 | loss: 0.3181404
	speed: 0.0256s/iter; left time: 1088.0444s
	iters: 500, epoch: 26 | loss: 0.4115184
	speed: 0.0257s/iter; left time: 1091.4564s
Epoch: 26 cost time: 15.581743240356445
Epoch: 26, Steps: 573 | Train Loss: 0.3832729 Vali Loss: 0.3976724 Test Loss: 0.1635702
EarlyStopping counter: 5 out of 10
Updating learning rate to 0.00044314690598262535
	iters: 100, epoch: 27 | loss: 0.7944516
	speed: 0.0936s/iter; left time: 3960.0014s
	iters: 200, epoch: 27 | loss: 0.3086886
	speed: 0.0268s/iter; left time: 1131.1761s
	iters: 300, epoch: 27 | loss: 0.2959928
	speed: 0.0256s/iter; left time: 1078.0251s
	iters: 400, epoch: 27 | loss: 0.2678740
	speed: 0.0248s/iter; left time: 1042.7673s
	iters: 500, epoch: 27 | loss: 0.6743322
	speed: 0.0255s/iter; left time: 1068.2608s
Epoch: 27 cost time: 15.532760858535767
Epoch: 27, Steps: 573 | Train Loss: 0.3825977 Vali Loss: 0.3964942 Test Loss: 0.1620580
EarlyStopping counter: 6 out of 10
Updating learning rate to 0.0003988322153843628
	iters: 100, epoch: 28 | loss: 0.2088483
	speed: 0.0948s/iter; left time: 3956.9515s
	iters: 200, epoch: 28 | loss: 0.3141004
	speed: 0.0258s/iter; left time: 1075.5439s
	iters: 300, epoch: 28 | loss: 0.2474181
	speed: 0.0279s/iter; left time: 1159.1506s
	iters: 400, epoch: 28 | loss: 0.2870707
	speed: 0.0259s/iter; left time: 1072.1292s
	iters: 500, epoch: 28 | loss: 0.2710945
	speed: 0.0272s/iter; left time: 1126.0367s
Epoch: 28 cost time: 16.05248475074768
Epoch: 28, Steps: 573 | Train Loss: 0.3819857 Vali Loss: 0.3982461 Test Loss: 0.1624462
EarlyStopping counter: 7 out of 10
Updating learning rate to 0.0003589489938459265
	iters: 100, epoch: 29 | loss: 0.2695826
	speed: 0.1052s/iter; left time: 4328.8625s
	iters: 200, epoch: 29 | loss: 0.2794192
	speed: 0.0254s/iter; left time: 1042.3642s
	iters: 300, epoch: 29 | loss: 0.2854536
	speed: 0.0258s/iter; left time: 1057.2430s
	iters: 400, epoch: 29 | loss: 0.3336218
	speed: 0.0252s/iter; left time: 1030.1679s
	iters: 500, epoch: 29 | loss: 0.2950116
	speed: 0.0265s/iter; left time: 1078.4243s
Epoch: 29 cost time: 15.442715406417847
Epoch: 29, Steps: 573 | Train Loss: 0.3818926 Vali Loss: 0.3959178 Test Loss: 0.1617526
EarlyStopping counter: 8 out of 10
Updating learning rate to 0.00032305409446133386
	iters: 100, epoch: 30 | loss: 0.3763872
	speed: 0.0949s/iter; left time: 3851.1131s
	iters: 200, epoch: 30 | loss: 0.7663733
	speed: 0.0250s/iter; left time: 1011.2142s
	iters: 300, epoch: 30 | loss: 0.3258491
	speed: 0.0253s/iter; left time: 1020.2220s
	iters: 400, epoch: 30 | loss: 0.8107612
	speed: 0.0256s/iter; left time: 1031.3293s
	iters: 500, epoch: 30 | loss: 0.7247333
	speed: 0.0259s/iter; left time: 1040.3551s
Epoch: 30 cost time: 15.3760666847229
Epoch: 30, Steps: 573 | Train Loss: 0.3812027 Vali Loss: 0.3987920 Test Loss: 0.1618671
EarlyStopping counter: 9 out of 10
Updating learning rate to 0.0002907486850152005
	iters: 100, epoch: 31 | loss: 0.2034557
	speed: 0.0941s/iter; left time: 3765.3718s
	iters: 200, epoch: 31 | loss: 0.3729032
	speed: 0.0257s/iter; left time: 1024.6828s
	iters: 300, epoch: 31 | loss: 0.2817515
	speed: 0.0269s/iter; left time: 1071.2943s
	iters: 400, epoch: 31 | loss: 0.3334433
	speed: 0.0260s/iter; left time: 1033.4826s
	iters: 500, epoch: 31 | loss: 0.2478125
	speed: 0.0256s/iter; left time: 1014.3025s
Epoch: 31 cost time: 15.857923984527588
Epoch: 31, Steps: 573 | Train Loss: 0.3805271 Vali Loss: 0.3984466 Test Loss: 0.1626647
EarlyStopping counter: 10 out of 10
Early stopping
>>>>>>>testing : custom/weather_96_96_DiPaF_P16_S8_ep100_D512_ebtimeF_dtTrue_0<<<<<<<<<<<<<<<<<<<<<<<<<<<<<<<<<
test 10444
mse:0.16230006515979767, mae:0.20799149572849274, rse:0.5308420062065125
