../tmp
Args in experiment:
Namespace(random_seed=2025, is_training=1, model_id='weather_96_720', model='DiPaF', data='custom', root_path='../dataset/weather/', data_path='weather.csv', features='M', target='OT', freq='h', checkpoints='./checkpoints/', num_features=21, seq_len=96, label_len=0, pred_len=720, head_dropout=0.05, enc_dropout=0.05, patch_len=16, stride=8, padding_patch='end', revin=1, affine=0, subtract_last=0, decomposition=0, kernel_size=25, individual=0, embed_type=4, c_out=7, d_model=512, moving_avg=25, distil=True, embed='timeF', activation='gelu', do_predict=False, num_workers=10, itr=1, train_epochs=100, batch_size=256, patience=10, learning_rate=0.005, des='test', loss='mse', lradj='type3', pct_start=0.3, use_amp=False, use_gpu=True, gpu=4, use_multi_gpu=False, devices='0,1,2,3', test_flop=False, enc_hidden_dim=256, embed_dim=64, dec_hidden_dim=512, n_clusters=30, dropout=0.05, lambda_ce=0.05, vqvae_ckpt='./ckpt_vqvae/weather/best_vqvae.pth', hidden_dim=256, ckpt_tag='grid_search_last')
Use GPU: cuda:4
>>>>>>>start training : custom/weather_96_720_DiPaF_P16_S8_ep100_D512_ebtimeF_dtTrue_0>>>>>>>>>>>>>>>>>>>>>>>>>>
train 36072
val 4551
test 9820
	iters: 100, epoch: 1 | loss: 0.9447597
	speed: 0.3891s/iter; left time: 5408.4195s
Epoch: 1 cost time: 53.56854748725891
Epoch: 1, Steps: 140 | Train Loss: 1.1808402 Vali Loss: 0.9420100 Test Loss: 0.3922589
Validation loss decreased (inf --> 0.942010).  Saving model ...
Updating learning rate to 0.005
	iters: 100, epoch: 2 | loss: 0.6361632
	speed: 0.5519s/iter; left time: 7594.8905s
Epoch: 2 cost time: 48.78926634788513
Epoch: 2, Steps: 140 | Train Loss: 0.7426084 Vali Loss: 0.7192382 Test Loss: 0.3534155
Validation loss decreased (0.942010 --> 0.719238).  Saving model ...
Updating learning rate to 0.005
	iters: 100, epoch: 3 | loss: 0.6042144
	speed: 0.5035s/iter; left time: 6858.0472s
Epoch: 3 cost time: 44.20881462097168
Epoch: 3, Steps: 140 | Train Loss: 0.6536406 Vali Loss: 0.7086518 Test Loss: 0.3488043
Validation loss decreased (0.719238 --> 0.708652).  Saving model ...
Updating learning rate to 0.005
	iters: 100, epoch: 4 | loss: 0.6367887
	speed: 0.5045s/iter; left time: 6801.7382s
Epoch: 4 cost time: 44.93094778060913
Epoch: 4, Steps: 140 | Train Loss: 0.6358452 Vali Loss: 0.6959233 Test Loss: 0.3483707
Validation loss decreased (0.708652 --> 0.695923).  Saving model ...
Updating learning rate to 0.0045000000000000005
	iters: 100, epoch: 5 | loss: 0.6358434
	speed: 0.4969s/iter; left time: 6629.1930s
Epoch: 5 cost time: 44.080471992492676
Epoch: 5, Steps: 140 | Train Loss: 0.6290729 Vali Loss: 0.6920208 Test Loss: 0.3445117
Validation loss decreased (0.695923 --> 0.692021).  Saving model ...
Updating learning rate to 0.004050000000000001
	iters: 100, epoch: 6 | loss: 0.7060874
	speed: 0.4819s/iter; left time: 6361.8236s
Epoch: 6 cost time: 42.269968032836914
Epoch: 6, Steps: 140 | Train Loss: 0.6233112 Vali Loss: 0.6870561 Test Loss: 0.3439054
Validation loss decreased (0.692021 --> 0.687056).  Saving model ...
Updating learning rate to 0.0036450000000000007
	iters: 100, epoch: 7 | loss: 0.6073187
	speed: 0.4740s/iter; left time: 6191.1248s
Epoch: 7 cost time: 41.670520067214966
Epoch: 7, Steps: 140 | Train Loss: 0.6216660 Vali Loss: 0.6932991 Test Loss: 0.3435861
EarlyStopping counter: 1 out of 10
Updating learning rate to 0.0032805
	iters: 100, epoch: 8 | loss: 0.6187042
	speed: 0.4565s/iter; left time: 5898.1856s
Epoch: 8 cost time: 39.41089677810669
Epoch: 8, Steps: 140 | Train Loss: 0.6169513 Vali Loss: 0.6856351 Test Loss: 0.3416530
Validation loss decreased (0.687056 --> 0.685635).  Saving model ...
Updating learning rate to 0.0029524500000000006
	iters: 100, epoch: 9 | loss: 0.6039329
	speed: 0.4456s/iter; left time: 5694.8308s
Epoch: 9 cost time: 39.41451835632324
Epoch: 9, Steps: 140 | Train Loss: 0.6144662 Vali Loss: 0.6832968 Test Loss: 0.3424321
Validation loss decreased (0.685635 --> 0.683297).  Saving model ...
Updating learning rate to 0.002657205
	iters: 100, epoch: 10 | loss: 0.6506395
	speed: 0.4368s/iter; left time: 5521.4482s
Epoch: 10 cost time: 37.45979976654053
Epoch: 10, Steps: 140 | Train Loss: 0.6123796 Vali Loss: 0.6799445 Test Loss: 0.3413166
Validation loss decreased (0.683297 --> 0.679945).  Saving model ...
Updating learning rate to 0.0023914845000000003
	iters: 100, epoch: 11 | loss: 0.6379238
	speed: 0.4177s/iter; left time: 5222.1047s
Epoch: 11 cost time: 36.17049503326416
Epoch: 11, Steps: 140 | Train Loss: 0.6108017 Vali Loss: 0.6850963 Test Loss: 0.3434915
EarlyStopping counter: 1 out of 10
Updating learning rate to 0.0021523360500000006
	iters: 100, epoch: 12 | loss: 0.6260667
	speed: 0.4160s/iter; left time: 5142.4007s
Epoch: 12 cost time: 35.97898483276367
Epoch: 12, Steps: 140 | Train Loss: 0.6099525 Vali Loss: 0.6784678 Test Loss: 0.3410500
Validation loss decreased (0.679945 --> 0.678468).  Saving model ...
Updating learning rate to 0.0019371024450000004
	iters: 100, epoch: 13 | loss: 0.6350550
	speed: 0.4192s/iter; left time: 5122.6040s
Epoch: 13 cost time: 36.42493534088135
Epoch: 13, Steps: 140 | Train Loss: 0.6079328 Vali Loss: 0.6795893 Test Loss: 0.3402295
EarlyStopping counter: 1 out of 10
Updating learning rate to 0.0017433922005000006
	iters: 100, epoch: 14 | loss: 0.6510167
	speed: 0.4179s/iter; left time: 5048.3884s
Epoch: 14 cost time: 36.50982451438904
Epoch: 14, Steps: 140 | Train Loss: 0.6065015 Vali Loss: 0.6791366 Test Loss: 0.3416633
EarlyStopping counter: 2 out of 10
Updating learning rate to 0.0015690529804500003
	iters: 100, epoch: 15 | loss: 0.6330787
	speed: 0.4178s/iter; left time: 4989.4802s
Epoch: 15 cost time: 35.88414549827576
Epoch: 15, Steps: 140 | Train Loss: 0.6062262 Vali Loss: 0.6800835 Test Loss: 0.3420101
EarlyStopping counter: 3 out of 10
Updating learning rate to 0.0014121476824050007
	iters: 100, epoch: 16 | loss: 0.5772927
	speed: 0.4144s/iter; left time: 4890.7399s
Epoch: 16 cost time: 36.61906957626343
Epoch: 16, Steps: 140 | Train Loss: 0.6047986 Vali Loss: 0.6755981 Test Loss: 0.3414533
Validation loss decreased (0.678468 --> 0.675598).  Saving model ...
Updating learning rate to 0.0012709329141645004
	iters: 100, epoch: 17 | loss: 0.5949019
	speed: 0.4217s/iter; left time: 4916.9778s
Epoch: 17 cost time: 36.360357999801636
Epoch: 17, Steps: 140 | Train Loss: 0.6041024 Vali Loss: 0.6746889 Test Loss: 0.3399369
Validation loss decreased (0.675598 --> 0.674689).  Saving model ...
Updating learning rate to 0.0011438396227480504
	iters: 100, epoch: 18 | loss: 0.5705320
	speed: 0.4180s/iter; left time: 4815.8262s
Epoch: 18 cost time: 36.50008416175842
Epoch: 18, Steps: 140 | Train Loss: 0.6028111 Vali Loss: 0.6793014 Test Loss: 0.3424049
EarlyStopping counter: 1 out of 10
Updating learning rate to 0.0010294556604732454
	iters: 100, epoch: 19 | loss: 0.5877807
	speed: 0.4164s/iter; left time: 4738.9156s
Epoch: 19 cost time: 36.290358543395996
Epoch: 19, Steps: 140 | Train Loss: 0.6015346 Vali Loss: 0.6751348 Test Loss: 0.3418365
EarlyStopping counter: 2 out of 10
Updating learning rate to 0.0009265100944259208
	iters: 100, epoch: 20 | loss: 0.5714400
	speed: 0.4207s/iter; left time: 4729.5052s
Epoch: 20 cost time: 36.455376386642456
Epoch: 20, Steps: 140 | Train Loss: 0.6007990 Vali Loss: 0.6786799 Test Loss: 0.3426469
EarlyStopping counter: 3 out of 10
Updating learning rate to 0.0008338590849833288
	iters: 100, epoch: 21 | loss: 0.6153467
	speed: 0.4186s/iter; left time: 4647.0152s
Epoch: 21 cost time: 36.205652713775635
Epoch: 21, Steps: 140 | Train Loss: 0.6005546 Vali Loss: 0.6794935 Test Loss: 0.3429429
EarlyStopping counter: 4 out of 10
Updating learning rate to 0.0007504731764849959
	iters: 100, epoch: 22 | loss: 0.6967880
	speed: 0.4239s/iter; left time: 4646.4207s
Epoch: 22 cost time: 36.53316569328308
Epoch: 22, Steps: 140 | Train Loss: 0.5998829 Vali Loss: 0.6748098 Test Loss: 0.3412606
EarlyStopping counter: 5 out of 10
Updating learning rate to 0.0006754258588364964
	iters: 100, epoch: 23 | loss: 0.6046147
	speed: 0.4199s/iter; left time: 4543.2089s
Epoch: 23 cost time: 36.59351587295532
Epoch: 23, Steps: 140 | Train Loss: 0.5993174 Vali Loss: 0.6778913 Test Loss: 0.3426840
EarlyStopping counter: 6 out of 10
Updating learning rate to 0.0006078832729528468
	iters: 100, epoch: 24 | loss: 0.6170475
	speed: 0.4190s/iter; left time: 4475.7148s
Epoch: 24 cost time: 36.28435134887695
Epoch: 24, Steps: 140 | Train Loss: 0.5984824 Vali Loss: 0.6780381 Test Loss: 0.3431271
EarlyStopping counter: 7 out of 10
Updating learning rate to 0.0005470949456575622
	iters: 100, epoch: 25 | loss: 0.5642753
	speed: 0.4225s/iter; left time: 4453.6614s
Epoch: 25 cost time: 36.90266394615173
Epoch: 25, Steps: 140 | Train Loss: 0.5983188 Vali Loss: 0.6808573 Test Loss: 0.3442225
EarlyStopping counter: 8 out of 10
Updating learning rate to 0.0004923854510918059
	iters: 100, epoch: 26 | loss: 0.6152362
	speed: 0.4189s/iter; left time: 4357.0646s
Epoch: 26 cost time: 36.59993004798889
Epoch: 26, Steps: 140 | Train Loss: 0.5975717 Vali Loss: 0.6770098 Test Loss: 0.3427343
EarlyStopping counter: 9 out of 10
Updating learning rate to 0.00044314690598262535
	iters: 100, epoch: 27 | loss: 0.5937608
	speed: 0.4201s/iter; left time: 4310.9011s
Epoch: 27 cost time: 36.452123165130615
Epoch: 27, Steps: 140 | Train Loss: 0.5967534 Vali Loss: 0.6780307 Test Loss: 0.3432146
EarlyStopping counter: 10 out of 10
Early stopping
>>>>>>>testing : custom/weather_96_720_DiPaF_P16_S8_ep100_D512_ebtimeF_dtTrue_0<<<<<<<<<<<<<<<<<<<<<<<<<<<<<<<<<
test 9820
mse:0.33993691205978394, mae:0.342692494392395, rse:0.7691600322723389
