../tmp
Args in experiment:
Namespace(random_seed=2025, is_training=1, model_id='exchange_96_336', model='DiPaF', data='custom', root_path='../dataset/exchange_rate/', data_path='exchange_rate.csv', features='M', target='OT', freq='h', checkpoints='./checkpoints/', num_features=8, seq_len=96, label_len=0, pred_len=336, head_dropout=0.05, enc_dropout=0.05, patch_len=16, stride=8, padding_patch='end', revin=1, affine=0, subtract_last=0, decomposition=0, kernel_size=25, individual=0, embed_type=4, c_out=7, d_model=512, moving_avg=25, distil=True, embed='timeF', activation='gelu', do_predict=False, num_workers=10, itr=1, train_epochs=100, batch_size=64, patience=10, learning_rate=0.01, des='test', loss='mse', lradj='type3', pct_start=0.3, use_amp=False, use_gpu=True, gpu=1, use_multi_gpu=False, devices='0,1,2,3', test_flop=False, enc_hidden_dim=256, embed_dim=64, dec_hidden_dim=256, n_clusters=30, dropout=0.05, lambda_ce=0.1, vqvae_ckpt='./ckpt_vqvae/exchange/best_vqvae.pth', hidden_dim=256, ckpt_tag='grid_search_last')
Use GPU: cuda:1
>>>>>>>start training : custom/exchange_96_336_DiPaF_P16_S8_ep100_D512_ebtimeF_dtTrue_0>>>>>>>>>>>>>>>>>>>>>>>>>>
train 4880
val 425
test 1182
Epoch: 1 cost time: 6.848925352096558
Epoch: 1, Steps: 76 | Train Loss: 0.4307969 Vali Loss: 0.3934427 Test Loss: 0.3344139
Validation loss decreased (inf --> 0.393443).  Saving model ...
Updating learning rate to 0.01
Epoch: 2 cost time: 4.8223326206207275
Epoch: 2, Steps: 76 | Train Loss: 0.3960055 Vali Loss: 0.4217660 Test Loss: 0.3398540
EarlyStopping counter: 1 out of 10
Updating learning rate to 0.01
Epoch: 3 cost time: 4.941768169403076
Epoch: 3, Steps: 76 | Train Loss: 0.3880278 Vali Loss: 0.3883108 Test Loss: 0.3395983
Validation loss decreased (0.393443 --> 0.388311).  Saving model ...
Updating learning rate to 0.01
Epoch: 4 cost time: 5.39082670211792
Epoch: 4, Steps: 76 | Train Loss: 0.3836417 Vali Loss: 0.3941491 Test Loss: 0.3341121
EarlyStopping counter: 1 out of 10
Updating learning rate to 0.009000000000000001
Epoch: 5 cost time: 5.195483922958374
Epoch: 5, Steps: 76 | Train Loss: 0.3812180 Vali Loss: 0.3725601 Test Loss: 0.3262323
Validation loss decreased (0.388311 --> 0.372560).  Saving model ...
Updating learning rate to 0.008100000000000001
Epoch: 6 cost time: 5.111349105834961
Epoch: 6, Steps: 76 | Train Loss: 0.3787720 Vali Loss: 0.4027360 Test Loss: 0.3336402
EarlyStopping counter: 1 out of 10
Updating learning rate to 0.007290000000000001
Epoch: 7 cost time: 5.037816762924194
Epoch: 7, Steps: 76 | Train Loss: 0.3740425 Vali Loss: 0.3919744 Test Loss: 0.3370410
EarlyStopping counter: 2 out of 10
Updating learning rate to 0.006561
Epoch: 8 cost time: 5.115883111953735
Epoch: 8, Steps: 76 | Train Loss: 0.3723190 Vali Loss: 0.3989991 Test Loss: 0.3425634
EarlyStopping counter: 3 out of 10
Updating learning rate to 0.005904900000000001
Epoch: 9 cost time: 5.234192609786987
Epoch: 9, Steps: 76 | Train Loss: 0.3697211 Vali Loss: 0.3805072 Test Loss: 0.3467385
EarlyStopping counter: 4 out of 10
Updating learning rate to 0.00531441
Epoch: 10 cost time: 5.0412328243255615
Epoch: 10, Steps: 76 | Train Loss: 0.3662992 Vali Loss: 0.3924747 Test Loss: 0.3517238
EarlyStopping counter: 5 out of 10
Updating learning rate to 0.004782969000000001
Epoch: 11 cost time: 5.030644416809082
Epoch: 11, Steps: 76 | Train Loss: 0.3665003 Vali Loss: 0.3750391 Test Loss: 0.3453425
EarlyStopping counter: 6 out of 10
Updating learning rate to 0.004304672100000001
Epoch: 12 cost time: 4.964299440383911
Epoch: 12, Steps: 76 | Train Loss: 0.3604653 Vali Loss: 0.4245451 Test Loss: 0.3387378
EarlyStopping counter: 7 out of 10
Updating learning rate to 0.003874204890000001
Epoch: 13 cost time: 5.237138509750366
Epoch: 13, Steps: 76 | Train Loss: 0.3576959 Vali Loss: 0.4150669 Test Loss: 0.3540143
EarlyStopping counter: 8 out of 10
Updating learning rate to 0.003486784401000001
Epoch: 14 cost time: 5.326271295547485
Epoch: 14, Steps: 76 | Train Loss: 0.3501213 Vali Loss: 0.4302559 Test Loss: 0.3399690
EarlyStopping counter: 9 out of 10
Updating learning rate to 0.0031381059609000006
Epoch: 15 cost time: 5.032811880111694
Epoch: 15, Steps: 76 | Train Loss: 0.3436194 Vali Loss: 0.3977679 Test Loss: 0.3586740
EarlyStopping counter: 10 out of 10
Early stopping
>>>>>>>testing : custom/exchange_96_336_DiPaF_P16_S8_ep100_D512_ebtimeF_dtTrue_0<<<<<<<<<<<<<<<<<<<<<<<<<<<<<<<<<
test 1182
mse:0.32623231410980225, mae:0.412069171667099, rse:0.44500046968460083
