../tmp
Args in experiment:
Namespace(random_seed=2025, is_training=1, model_id='weather_96_192', model='DiPaF', data='custom', root_path='../dataset/weather/', data_path='weather.csv', features='M', target='OT', freq='h', checkpoints='./checkpoints/', num_features=21, seq_len=96, label_len=0, pred_len=192, head_dropout=0.05, enc_dropout=0.05, patch_len=16, stride=8, padding_patch='end', revin=1, affine=0, subtract_last=0, decomposition=0, kernel_size=25, individual=0, embed_type=4, c_out=7, d_model=512, moving_avg=25, distil=True, embed='timeF', activation='gelu', do_predict=False, num_workers=10, itr=1, train_epochs=100, batch_size=64, patience=10, learning_rate=0.005, des='test', loss='mse', lradj='type3', pct_start=0.3, use_amp=False, use_gpu=True, gpu=4, use_multi_gpu=False, devices='0,1,2,3', test_flop=False, enc_hidden_dim=256, embed_dim=64, dec_hidden_dim=512, n_clusters=30, dropout=0.05, lambda_ce=0.2, vqvae_ckpt='./ckpt_vqvae/weather/best_vqvae.pth', hidden_dim=128, ckpt_tag='grid_search_last')
Use GPU: cuda:4
>>>>>>>start training : custom/weather_96_192_DiPaF_P16_S8_ep100_D512_ebtimeF_dtTrue_0>>>>>>>>>>>>>>>>>>>>>>>>>>
train 36600
val 5079
test 10348
	iters: 100, epoch: 1 | loss: 0.8955345
	speed: 0.0511s/iter; left time: 2912.1854s
	iters: 200, epoch: 1 | loss: 0.6743121
	speed: 0.0361s/iter; left time: 2054.8190s
	iters: 300, epoch: 1 | loss: 0.8019381
	speed: 0.0362s/iter; left time: 2057.7056s
	iters: 400, epoch: 1 | loss: 0.9175258
	speed: 0.0376s/iter; left time: 2130.7511s
	iters: 500, epoch: 1 | loss: 0.9003080
	speed: 0.0363s/iter; left time: 2054.9922s
Epoch: 1 cost time: 22.383859634399414
Epoch: 1, Steps: 571 | Train Loss: 0.8812759 Vali Loss: 0.7297732 Test Loss: 0.2845545
Validation loss decreased (inf --> 0.729773).  Saving model ...
Updating learning rate to 0.005
	iters: 100, epoch: 2 | loss: 0.5299116
	speed: 0.1149s/iter; left time: 6481.1007s
	iters: 200, epoch: 2 | loss: 0.3024702
	speed: 0.0359s/iter; left time: 2023.3273s
	iters: 300, epoch: 2 | loss: 0.3884078
	speed: 0.0366s/iter; left time: 2055.2420s
	iters: 400, epoch: 2 | loss: 0.7828442
	speed: 0.0365s/iter; left time: 2049.9918s
	iters: 500, epoch: 2 | loss: 0.5756280
	speed: 0.0371s/iter; left time: 2080.1520s
Epoch: 2 cost time: 21.68983030319214
Epoch: 2, Steps: 571 | Train Loss: 0.4795026 Vali Loss: 0.5079678 Test Loss: 0.2285649
Validation loss decreased (0.729773 --> 0.507968).  Saving model ...
Updating learning rate to 0.005
	iters: 100, epoch: 3 | loss: 0.3765001
	speed: 0.1224s/iter; left time: 6836.5257s
	iters: 200, epoch: 3 | loss: 0.3512189
	speed: 0.0357s/iter; left time: 1989.4703s
	iters: 300, epoch: 3 | loss: 0.3407346
	speed: 0.0368s/iter; left time: 2050.0573s
	iters: 400, epoch: 3 | loss: 0.3633423
	speed: 0.0365s/iter; left time: 2029.4536s
	iters: 500, epoch: 3 | loss: 0.3494549
	speed: 0.0361s/iter; left time: 2004.5304s
Epoch: 3 cost time: 21.52935814857483
Epoch: 3, Steps: 571 | Train Loss: 0.4216285 Vali Loss: 0.4971820 Test Loss: 0.2221459
Validation loss decreased (0.507968 --> 0.497182).  Saving model ...
Updating learning rate to 0.005
	iters: 100, epoch: 4 | loss: 0.3897686
	speed: 0.1194s/iter; left time: 6598.6352s
	iters: 200, epoch: 4 | loss: 0.4027391
	speed: 0.0360s/iter; left time: 1984.5840s
	iters: 300, epoch: 4 | loss: 0.3551602
	speed: 0.0370s/iter; left time: 2036.1497s
	iters: 400, epoch: 4 | loss: 0.3760677
	speed: 0.0366s/iter; left time: 2014.4212s
	iters: 500, epoch: 4 | loss: 0.3344333
	speed: 0.0362s/iter; left time: 1985.1665s
Epoch: 4 cost time: 21.59427571296692
Epoch: 4, Steps: 571 | Train Loss: 0.4139593 Vali Loss: 0.4827838 Test Loss: 0.2145910
Validation loss decreased (0.497182 --> 0.482784).  Saving model ...
Updating learning rate to 0.0045000000000000005
	iters: 100, epoch: 5 | loss: 0.3704156
	speed: 0.1201s/iter; left time: 6570.9013s
	iters: 200, epoch: 5 | loss: 0.3973094
	speed: 0.0367s/iter; left time: 2001.7840s
	iters: 300, epoch: 5 | loss: 0.3001662
	speed: 0.0366s/iter; left time: 1994.2090s
	iters: 400, epoch: 5 | loss: 0.3530703
	speed: 0.0371s/iter; left time: 2017.4045s
	iters: 500, epoch: 5 | loss: 0.3016494
	speed: 0.0375s/iter; left time: 2036.6671s
Epoch: 5 cost time: 21.9271719455719
Epoch: 5, Steps: 571 | Train Loss: 0.4042017 Vali Loss: 0.4720869 Test Loss: 0.2126268
Validation loss decreased (0.482784 --> 0.472087).  Saving model ...
Updating learning rate to 0.004050000000000001
	iters: 100, epoch: 6 | loss: 0.3419748
	speed: 0.1289s/iter; left time: 6981.3421s
	iters: 200, epoch: 6 | loss: 0.3166578
	speed: 0.0386s/iter; left time: 2088.2457s
	iters: 300, epoch: 6 | loss: 0.2856938
	speed: 0.0370s/iter; left time: 1994.6010s
	iters: 400, epoch: 6 | loss: 0.4568010
	speed: 0.0379s/iter; left time: 2042.2415s
	iters: 500, epoch: 6 | loss: 0.5150439
	speed: 0.0367s/iter; left time: 1972.1493s
Epoch: 6 cost time: 22.30330181121826
Epoch: 6, Steps: 571 | Train Loss: 0.3993025 Vali Loss: 0.4742795 Test Loss: 0.2139129
EarlyStopping counter: 1 out of 10
Updating learning rate to 0.0036450000000000007
	iters: 100, epoch: 7 | loss: 0.2957840
	speed: 0.1383s/iter; left time: 7410.8734s
	iters: 200, epoch: 7 | loss: 0.4874582
	speed: 0.0388s/iter; left time: 2076.3625s
	iters: 300, epoch: 7 | loss: 0.3086405
	speed: 0.0390s/iter; left time: 2081.6726s
	iters: 400, epoch: 7 | loss: 0.2823495
	speed: 0.0373s/iter; left time: 1988.7951s
	iters: 500, epoch: 7 | loss: 0.4525402
	speed: 0.0373s/iter; left time: 1982.2852s
Epoch: 7 cost time: 22.56173801422119
Epoch: 7, Steps: 571 | Train Loss: 0.3969295 Vali Loss: 0.4659073 Test Loss: 0.2103873
Validation loss decreased (0.472087 --> 0.465907).  Saving model ...
Updating learning rate to 0.0032805
	iters: 100, epoch: 8 | loss: 0.2741663
	speed: 0.1237s/iter; left time: 6557.9022s
	iters: 200, epoch: 8 | loss: 0.3133287
	speed: 0.0376s/iter; left time: 1989.2168s
	iters: 300, epoch: 8 | loss: 0.3262432
	speed: 0.0365s/iter; left time: 1926.9329s
	iters: 400, epoch: 8 | loss: 0.5324496
	speed: 0.0365s/iter; left time: 1924.6009s
	iters: 500, epoch: 8 | loss: 0.3795603
	speed: 0.0371s/iter; left time: 1953.3007s
Epoch: 8 cost time: 21.85547971725464
Epoch: 8, Steps: 571 | Train Loss: 0.3968092 Vali Loss: 0.4723671 Test Loss: 0.2115012
EarlyStopping counter: 1 out of 10
Updating learning rate to 0.0029524500000000006
	iters: 100, epoch: 9 | loss: 0.3179785
	speed: 0.1204s/iter; left time: 6314.9216s
	iters: 200, epoch: 9 | loss: 0.3480822
	speed: 0.0362s/iter; left time: 1894.8413s
	iters: 300, epoch: 9 | loss: 0.3291275
	speed: 0.0358s/iter; left time: 1871.5066s
	iters: 400, epoch: 9 | loss: 0.3400962
	speed: 0.0362s/iter; left time: 1888.5076s
	iters: 500, epoch: 9 | loss: 0.3783304
	speed: 0.0359s/iter; left time: 1866.0901s
Epoch: 9 cost time: 21.517012119293213
Epoch: 9, Steps: 571 | Train Loss: 0.3938604 Vali Loss: 0.4672289 Test Loss: 0.2121124
EarlyStopping counter: 2 out of 10
Updating learning rate to 0.002657205
	iters: 100, epoch: 10 | loss: 0.3269758
	speed: 0.1231s/iter; left time: 6385.4250s
	iters: 200, epoch: 10 | loss: 0.3200433
	speed: 0.0375s/iter; left time: 1938.8824s
	iters: 300, epoch: 10 | loss: 0.2854485
	speed: 0.0365s/iter; left time: 1886.3396s
	iters: 400, epoch: 10 | loss: 0.4005126
	speed: 0.0370s/iter; left time: 1908.4533s
	iters: 500, epoch: 10 | loss: 0.5548874
	speed: 0.0361s/iter; left time: 1859.6581s
Epoch: 10 cost time: 21.843167543411255
Epoch: 10, Steps: 571 | Train Loss: 0.3929819 Vali Loss: 0.4666012 Test Loss: 0.2115012
EarlyStopping counter: 3 out of 10
Updating learning rate to 0.0023914845000000003
	iters: 100, epoch: 11 | loss: 0.3561505
	speed: 0.1237s/iter; left time: 6345.8058s
	iters: 200, epoch: 11 | loss: 0.5347552
	speed: 0.0363s/iter; left time: 1860.4105s
	iters: 300, epoch: 11 | loss: 0.3219534
	speed: 0.0361s/iter; left time: 1842.1196s
	iters: 400, epoch: 11 | loss: 0.2964759
	speed: 0.0375s/iter; left time: 1911.0257s
	iters: 500, epoch: 11 | loss: 0.5590564
	speed: 0.0373s/iter; left time: 1898.7222s
Epoch: 11 cost time: 21.983618021011353
Epoch: 11, Steps: 571 | Train Loss: 0.3910764 Vali Loss: 0.4634604 Test Loss: 0.2116289
Validation loss decreased (0.465907 --> 0.463460).  Saving model ...
Updating learning rate to 0.0021523360500000006
	iters: 100, epoch: 12 | loss: 0.3684355
	speed: 0.1332s/iter; left time: 6755.3724s
	iters: 200, epoch: 12 | loss: 0.3064166
	speed: 0.0358s/iter; left time: 1814.2654s
	iters: 300, epoch: 12 | loss: 0.3714290
	speed: 0.0364s/iter; left time: 1840.6306s
	iters: 400, epoch: 12 | loss: 0.4406375
	speed: 0.0366s/iter; left time: 1844.4861s
	iters: 500, epoch: 12 | loss: 0.3902025
	speed: 0.0369s/iter; left time: 1857.1652s
Epoch: 12 cost time: 21.688004732131958
Epoch: 12, Steps: 571 | Train Loss: 0.3897254 Vali Loss: 0.4657695 Test Loss: 0.2101660
EarlyStopping counter: 1 out of 10
Updating learning rate to 0.0019371024450000004
	iters: 100, epoch: 13 | loss: 0.5139653
	speed: 0.1214s/iter; left time: 6087.3124s
	iters: 200, epoch: 13 | loss: 0.4086702
	speed: 0.0362s/iter; left time: 1811.7971s
	iters: 300, epoch: 13 | loss: 0.3295103
	speed: 0.0360s/iter; left time: 1799.0760s
	iters: 400, epoch: 13 | loss: 0.3313326
	speed: 0.0364s/iter; left time: 1813.0855s
	iters: 500, epoch: 13 | loss: 0.2893422
	speed: 0.0366s/iter; left time: 1818.7602s
Epoch: 13 cost time: 21.602646589279175
Epoch: 13, Steps: 571 | Train Loss: 0.3884128 Vali Loss: 0.4641461 Test Loss: 0.2090414
EarlyStopping counter: 2 out of 10
Updating learning rate to 0.0017433922005000006
	iters: 100, epoch: 14 | loss: 0.2999762
	speed: 0.1229s/iter; left time: 6090.9575s
	iters: 200, epoch: 14 | loss: 0.2855386
	speed: 0.0363s/iter; left time: 1794.5461s
	iters: 300, epoch: 14 | loss: 0.8812975
	speed: 0.0371s/iter; left time: 1829.7258s
	iters: 400, epoch: 14 | loss: 0.3131564
	speed: 0.0363s/iter; left time: 1790.0391s
	iters: 500, epoch: 14 | loss: 0.5390581
	speed: 0.0364s/iter; left time: 1788.7439s
Epoch: 14 cost time: 21.749703884124756
Epoch: 14, Steps: 571 | Train Loss: 0.3871032 Vali Loss: 0.4639309 Test Loss: 0.2112976
EarlyStopping counter: 3 out of 10
Updating learning rate to 0.0015690529804500003
	iters: 100, epoch: 15 | loss: 0.2998063
	speed: 0.1242s/iter; left time: 6085.6403s
	iters: 200, epoch: 15 | loss: 0.2866174
	speed: 0.0372s/iter; left time: 1821.2540s
	iters: 300, epoch: 15 | loss: 0.3248568
	speed: 0.0361s/iter; left time: 1761.6741s
	iters: 400, epoch: 15 | loss: 0.3318324
	speed: 0.0354s/iter; left time: 1723.4437s
	iters: 500, epoch: 15 | loss: 0.5865418
	speed: 0.0361s/iter; left time: 1756.7883s
Epoch: 15 cost time: 21.794350147247314
Epoch: 15, Steps: 571 | Train Loss: 0.3862537 Vali Loss: 0.4613864 Test Loss: 0.2109701
Validation loss decreased (0.463460 --> 0.461386).  Saving model ...
Updating learning rate to 0.0014121476824050007
	iters: 100, epoch: 16 | loss: 0.3071454
	speed: 0.1234s/iter; left time: 5978.8535s
	iters: 200, epoch: 16 | loss: 0.3018764
	speed: 0.0370s/iter; left time: 1788.8649s
	iters: 300, epoch: 16 | loss: 0.2730950
	speed: 0.0378s/iter; left time: 1823.1656s
	iters: 400, epoch: 16 | loss: 0.2880761
	speed: 0.0369s/iter; left time: 1776.3529s
	iters: 500, epoch: 16 | loss: 0.3092856
	speed: 0.0375s/iter; left time: 1801.0616s
Epoch: 16 cost time: 22.030397176742554
Epoch: 16, Steps: 571 | Train Loss: 0.3849849 Vali Loss: 0.4598983 Test Loss: 0.2107888
Validation loss decreased (0.461386 --> 0.459898).  Saving model ...
Updating learning rate to 0.0012709329141645004
	iters: 100, epoch: 17 | loss: 0.3113811
	speed: 0.1215s/iter; left time: 5816.6551s
	iters: 200, epoch: 17 | loss: 0.4141150
	speed: 0.0365s/iter; left time: 1745.0761s
	iters: 300, epoch: 17 | loss: 0.5011564
	speed: 0.0359s/iter; left time: 1709.1985s
	iters: 400, epoch: 17 | loss: 0.3627577
	speed: 0.0363s/iter; left time: 1728.1691s
	iters: 500, epoch: 17 | loss: 0.3725643
	speed: 0.0363s/iter; left time: 1721.7094s
Epoch: 17 cost time: 21.53083825111389
Epoch: 17, Steps: 571 | Train Loss: 0.3832782 Vali Loss: 0.4639868 Test Loss: 0.2114745
EarlyStopping counter: 1 out of 10
Updating learning rate to 0.0011438396227480504
	iters: 100, epoch: 18 | loss: 0.4568347
	speed: 0.1223s/iter; left time: 5785.1765s
	iters: 200, epoch: 18 | loss: 0.3631246
	speed: 0.0362s/iter; left time: 1707.8364s
	iters: 300, epoch: 18 | loss: 0.3017456
	speed: 0.0360s/iter; left time: 1695.9787s
	iters: 400, epoch: 18 | loss: 0.3176808
	speed: 0.0364s/iter; left time: 1712.6389s
	iters: 500, epoch: 18 | loss: 0.7187887
	speed: 0.0359s/iter; left time: 1685.0110s
Epoch: 18 cost time: 21.572744131088257
Epoch: 18, Steps: 571 | Train Loss: 0.3831991 Vali Loss: 0.4642707 Test Loss: 0.2111883
EarlyStopping counter: 2 out of 10
Updating learning rate to 0.0010294556604732454
	iters: 100, epoch: 19 | loss: 0.3986137
	speed: 0.1204s/iter; left time: 5626.5405s
	iters: 200, epoch: 19 | loss: 0.2931431
	speed: 0.0364s/iter; left time: 1695.0613s
	iters: 300, epoch: 19 | loss: 0.3121423
	speed: 0.0365s/iter; left time: 1699.2048s
	iters: 400, epoch: 19 | loss: 0.4678479
	speed: 0.0364s/iter; left time: 1688.8710s
	iters: 500, epoch: 19 | loss: 0.4486071
	speed: 0.0366s/iter; left time: 1694.5298s
Epoch: 19 cost time: 21.671176195144653
Epoch: 19, Steps: 571 | Train Loss: 0.3820362 Vali Loss: 0.4640520 Test Loss: 0.2098970
EarlyStopping counter: 3 out of 10
Updating learning rate to 0.0009265100944259208
	iters: 100, epoch: 20 | loss: 0.5359983
	speed: 0.1215s/iter; left time: 5608.4808s
	iters: 200, epoch: 20 | loss: 0.2526858
	speed: 0.0363s/iter; left time: 1671.3418s
	iters: 300, epoch: 20 | loss: 0.4308272
	speed: 0.0368s/iter; left time: 1688.8767s
	iters: 400, epoch: 20 | loss: 0.3761044
	speed: 0.0365s/iter; left time: 1673.0612s
	iters: 500, epoch: 20 | loss: 0.5179211
	speed: 0.0363s/iter; left time: 1662.5793s
Epoch: 20 cost time: 21.69450831413269
Epoch: 20, Steps: 571 | Train Loss: 0.3808532 Vali Loss: 0.4597892 Test Loss: 0.2093365
Validation loss decreased (0.459898 --> 0.459789).  Saving model ...
Updating learning rate to 0.0008338590849833288
	iters: 100, epoch: 21 | loss: 0.3092342
	speed: 0.1379s/iter; left time: 6285.7543s
	iters: 200, epoch: 21 | loss: 0.3334628
	speed: 0.0382s/iter; left time: 1739.5140s
	iters: 300, epoch: 21 | loss: 0.5608132
	speed: 0.0379s/iter; left time: 1719.5848s
	iters: 400, epoch: 21 | loss: 0.3612144
	speed: 0.0362s/iter; left time: 1640.8821s
	iters: 500, epoch: 21 | loss: 0.3321277
	speed: 0.0365s/iter; left time: 1650.3067s
Epoch: 21 cost time: 22.39899206161499
Epoch: 21, Steps: 571 | Train Loss: 0.3801862 Vali Loss: 0.4640660 Test Loss: 0.2119053
EarlyStopping counter: 1 out of 10
Updating learning rate to 0.0007504731764849959
	iters: 100, epoch: 22 | loss: 0.3700130
	speed: 0.1340s/iter; left time: 6030.5130s
	iters: 200, epoch: 22 | loss: 0.2793593
	speed: 0.0370s/iter; left time: 1660.9438s
	iters: 300, epoch: 22 | loss: 0.3032700
	speed: 0.0371s/iter; left time: 1661.5490s
	iters: 400, epoch: 22 | loss: 0.4739796
	speed: 0.0368s/iter; left time: 1646.3971s
	iters: 500, epoch: 22 | loss: 0.3644484
	speed: 0.0366s/iter; left time: 1633.1869s
Epoch: 22 cost time: 22.001238346099854
Epoch: 22, Steps: 571 | Train Loss: 0.3792963 Vali Loss: 0.4666966 Test Loss: 0.2130174
EarlyStopping counter: 2 out of 10
Updating learning rate to 0.0006754258588364964
	iters: 100, epoch: 23 | loss: 0.4756863
	speed: 0.1274s/iter; left time: 5659.4436s
	iters: 200, epoch: 23 | loss: 0.3141955
	speed: 0.0364s/iter; left time: 1612.5550s
	iters: 300, epoch: 23 | loss: 0.4543231
	speed: 0.0362s/iter; left time: 1602.6658s
	iters: 400, epoch: 23 | loss: 0.3042957
	speed: 0.0371s/iter; left time: 1638.2133s
	iters: 500, epoch: 23 | loss: 0.3005541
	speed: 0.0370s/iter; left time: 1630.7706s
Epoch: 23 cost time: 21.790476322174072
Epoch: 23, Steps: 571 | Train Loss: 0.3786273 Vali Loss: 0.4640385 Test Loss: 0.2115623
EarlyStopping counter: 3 out of 10
Updating learning rate to 0.0006078832729528468
	iters: 100, epoch: 24 | loss: 0.5092224
	speed: 0.1238s/iter; left time: 5431.4146s
	iters: 200, epoch: 24 | loss: 0.5466846
	speed: 0.0363s/iter; left time: 1588.0945s
	iters: 300, epoch: 24 | loss: 0.5584093
	speed: 0.0365s/iter; left time: 1591.9312s
	iters: 400, epoch: 24 | loss: 0.3168727
	speed: 0.0362s/iter; left time: 1578.8091s
	iters: 500, epoch: 24 | loss: 0.5429133
	speed: 0.0360s/iter; left time: 1566.2142s
Epoch: 24 cost time: 21.643773794174194
Epoch: 24, Steps: 571 | Train Loss: 0.3782930 Vali Loss: 0.4638528 Test Loss: 0.2115512
EarlyStopping counter: 4 out of 10
Updating learning rate to 0.0005470949456575622
	iters: 100, epoch: 25 | loss: 0.3110408
	speed: 0.1214s/iter; left time: 5256.1076s
	iters: 200, epoch: 25 | loss: 0.3767797
	speed: 0.0367s/iter; left time: 1586.1587s
	iters: 300, epoch: 25 | loss: 0.2938713
	speed: 0.0378s/iter; left time: 1627.8080s
	iters: 400, epoch: 25 | loss: 0.3238879
	speed: 0.0375s/iter; left time: 1613.6142s
	iters: 500, epoch: 25 | loss: 0.3337777
	speed: 0.0378s/iter; left time: 1623.6322s
Epoch: 25 cost time: 22.11530900001526
Epoch: 25, Steps: 571 | Train Loss: 0.3774524 Vali Loss: 0.4644419 Test Loss: 0.2105498
EarlyStopping counter: 5 out of 10
Updating learning rate to 0.0004923854510918059
	iters: 100, epoch: 26 | loss: 0.5474083
	speed: 0.1284s/iter; left time: 5484.3079s
	iters: 200, epoch: 26 | loss: 0.3545042
	speed: 0.0360s/iter; left time: 1536.5324s
	iters: 300, epoch: 26 | loss: 0.4681268
	speed: 0.0377s/iter; left time: 1605.1140s
	iters: 400, epoch: 26 | loss: 0.5180420
	speed: 0.0362s/iter; left time: 1535.2824s
	iters: 500, epoch: 26 | loss: 0.3332757
	speed: 0.0363s/iter; left time: 1535.9909s
Epoch: 26 cost time: 21.724472999572754
Epoch: 26, Steps: 571 | Train Loss: 0.3769649 Vali Loss: 0.4655052 Test Loss: 0.2124275
EarlyStopping counter: 6 out of 10
Updating learning rate to 0.00044314690598262535
	iters: 100, epoch: 27 | loss: 0.5153398
	speed: 0.1235s/iter; left time: 5204.3718s
	iters: 200, epoch: 27 | loss: 0.4744011
	speed: 0.0370s/iter; left time: 1557.5650s
	iters: 300, epoch: 27 | loss: 0.2962334
	speed: 0.0373s/iter; left time: 1565.6844s
	iters: 400, epoch: 27 | loss: 0.5337257
	speed: 0.0364s/iter; left time: 1524.6385s
	iters: 500, epoch: 27 | loss: 0.2642890
	speed: 0.0366s/iter; left time: 1528.2150s
Epoch: 27 cost time: 21.891398191452026
Epoch: 27, Steps: 571 | Train Loss: 0.3761382 Vali Loss: 0.4625787 Test Loss: 0.2109276
EarlyStopping counter: 7 out of 10
Updating learning rate to 0.0003988322153843628
	iters: 100, epoch: 28 | loss: 0.2938633
	speed: 0.1235s/iter; left time: 5134.4580s
	iters: 200, epoch: 28 | loss: 0.2784851
	speed: 0.0363s/iter; left time: 1503.9198s
	iters: 300, epoch: 28 | loss: 0.2742181
	speed: 0.0365s/iter; left time: 1511.6407s
	iters: 400, epoch: 28 | loss: 0.4568577
	speed: 0.0361s/iter; left time: 1491.9672s
	iters: 500, epoch: 28 | loss: 0.4588490
	speed: 0.0367s/iter; left time: 1510.0766s
Epoch: 28 cost time: 21.68709683418274
Epoch: 28, Steps: 571 | Train Loss: 0.3757234 Vali Loss: 0.4649902 Test Loss: 0.2118336
EarlyStopping counter: 8 out of 10
Updating learning rate to 0.0003589489938459265
	iters: 100, epoch: 29 | loss: 0.3694668
	speed: 0.1227s/iter; left time: 5033.7790s
	iters: 200, epoch: 29 | loss: 0.2955709
	speed: 0.0360s/iter; left time: 1473.6753s
	iters: 300, epoch: 29 | loss: 0.2712864
	speed: 0.0360s/iter; left time: 1467.6951s
	iters: 400, epoch: 29 | loss: 0.4915946
	speed: 0.0357s/iter; left time: 1451.9928s
	iters: 500, epoch: 29 | loss: 0.3199946
	speed: 0.0370s/iter; left time: 1501.6297s
Epoch: 29 cost time: 21.673367738723755
Epoch: 29, Steps: 571 | Train Loss: 0.3750580 Vali Loss: 0.4635218 Test Loss: 0.2111221
EarlyStopping counter: 9 out of 10
Updating learning rate to 0.00032305409446133386
	iters: 100, epoch: 30 | loss: 0.3113517
	speed: 0.1275s/iter; left time: 5155.4385s
	iters: 200, epoch: 30 | loss: 0.2701804
	speed: 0.0369s/iter; left time: 1486.9324s
	iters: 300, epoch: 30 | loss: 0.3249056
	speed: 0.0372s/iter; left time: 1497.9415s
	iters: 400, epoch: 30 | loss: 0.4888549
	speed: 0.0366s/iter; left time: 1468.9082s
	iters: 500, epoch: 30 | loss: 0.2625945
	speed: 0.0365s/iter; left time: 1461.7439s
Epoch: 30 cost time: 22.056389808654785
Epoch: 30, Steps: 571 | Train Loss: 0.3750558 Vali Loss: 0.4634990 Test Loss: 0.2120922
EarlyStopping counter: 10 out of 10
Early stopping
>>>>>>>testing : custom/weather_96_192_DiPaF_P16_S8_ep100_D512_ebtimeF_dtTrue_0<<<<<<<<<<<<<<<<<<<<<<<<<<<<<<<<<
test 10348
mse:0.20933684706687927, mae:0.25170645117759705, rse:0.602077841758728
