../tmp
Args in experiment:
Namespace(random_seed=2025, is_training=1, model_id='exchange_96_192', model='DiPaF', data='custom', root_path='../dataset/exchange_rate/', data_path='exchange_rate.csv', features='M', target='OT', freq='h', checkpoints='./checkpoints/', num_features=8, seq_len=96, label_len=0, pred_len=192, head_dropout=0.05, enc_dropout=0.05, patch_len=16, stride=8, padding_patch='end', revin=1, affine=0, subtract_last=0, decomposition=0, kernel_size=25, individual=0, embed_type=4, c_out=7, d_model=512, moving_avg=25, distil=True, embed='timeF', activation='gelu', do_predict=False, num_workers=10, itr=1, train_epochs=100, batch_size=64, patience=10, learning_rate=0.05, des='test', loss='mse', lradj='type3', pct_start=0.3, use_amp=False, use_gpu=True, gpu=1, use_multi_gpu=False, devices='0,1,2,3', test_flop=False, enc_hidden_dim=256, embed_dim=64, dec_hidden_dim=256, n_clusters=30, dropout=0.05, lambda_ce=0.1, vqvae_ckpt='./ckpt_vqvae/exchange/best_vqvae.pth', hidden_dim=512, ckpt_tag='grid_search_last')
Use GPU: cuda:1
>>>>>>>start training : custom/exchange_96_192_DiPaF_P16_S8_ep100_D512_ebtimeF_dtTrue_0>>>>>>>>>>>>>>>>>>>>>>>>>>
train 5024
val 569
test 1326
Epoch: 1 cost time: 6.529572486877441
Epoch: 1, Steps: 78 | Train Loss: 0.2389086 Vali Loss: 0.2297804 Test Loss: 0.1706973
Validation loss decreased (inf --> 0.229780).  Saving model ...
Updating learning rate to 0.05
Epoch: 2 cost time: 4.352311372756958
Epoch: 2, Steps: 78 | Train Loss: 0.2644112 Vali Loss: 0.2441674 Test Loss: 0.2210502
EarlyStopping counter: 1 out of 10
Updating learning rate to 0.05
Epoch: 3 cost time: 4.386843204498291
Epoch: 3, Steps: 78 | Train Loss: 0.2599290 Vali Loss: 0.2453557 Test Loss: 0.2346075
EarlyStopping counter: 2 out of 10
Updating learning rate to 0.05
Epoch: 4 cost time: 4.255451202392578
Epoch: 4, Steps: 78 | Train Loss: 0.2634115 Vali Loss: 0.2732121 Test Loss: 0.2181497
EarlyStopping counter: 3 out of 10
Updating learning rate to 0.045000000000000005
Epoch: 5 cost time: 4.142821788787842
Epoch: 5, Steps: 78 | Train Loss: 0.2595424 Vali Loss: 0.2449713 Test Loss: 0.2075417
EarlyStopping counter: 4 out of 10
Updating learning rate to 0.04050000000000001
Epoch: 6 cost time: 4.234652757644653
Epoch: 6, Steps: 78 | Train Loss: 0.2538991 Vali Loss: 0.2520532 Test Loss: 0.1965861
EarlyStopping counter: 5 out of 10
Updating learning rate to 0.03645
Epoch: 7 cost time: 4.402841567993164
Epoch: 7, Steps: 78 | Train Loss: 0.2496893 Vali Loss: 0.2469882 Test Loss: 0.1969905
EarlyStopping counter: 6 out of 10
Updating learning rate to 0.032805
Epoch: 8 cost time: 4.540078401565552
Epoch: 8, Steps: 78 | Train Loss: 0.2488140 Vali Loss: 0.2500966 Test Loss: 0.2023323
EarlyStopping counter: 7 out of 10
Updating learning rate to 0.029524500000000006
Epoch: 9 cost time: 4.092394828796387
Epoch: 9, Steps: 78 | Train Loss: 0.2470122 Vali Loss: 0.2545882 Test Loss: 0.2075742
EarlyStopping counter: 8 out of 10
Updating learning rate to 0.026572050000000003
Epoch: 10 cost time: 4.305293321609497
Epoch: 10, Steps: 78 | Train Loss: 0.2474249 Vali Loss: 0.2516702 Test Loss: 0.2008107
EarlyStopping counter: 9 out of 10
Updating learning rate to 0.023914845000000004
Epoch: 11 cost time: 4.432348012924194
Epoch: 11, Steps: 78 | Train Loss: 0.2452794 Vali Loss: 0.2523631 Test Loss: 0.1946136
EarlyStopping counter: 10 out of 10
Early stopping
>>>>>>>testing : custom/exchange_96_192_DiPaF_P16_S8_ep100_D512_ebtimeF_dtTrue_0<<<<<<<<<<<<<<<<<<<<<<<<<<<<<<<<<
test 1326
mse:0.17069730162620544, mae:0.2938977777957916, rse:0.3195255696773529
